<?xml version="1.0" encoding="UTF-8"?>
<testng-results ignored="0" total="1" passed="1" failed="0" skipped="0">
  <reporter-output>
  </reporter-output>
  <suite started-at="2024-08-06T17:04:00 IST" name="Suite" finished-at="2024-08-06T17:04:08 IST" duration-ms="8971">
    <groups>
    </groups>
    <test started-at="2024-08-06T17:04:00 IST" name="Test" finished-at="2024-08-06T17:04:08 IST" duration-ms="8971">
      <class name="pac1.NewTest">
        <test-method signature="fTest()[pri:0, instance:pac1.NewTest@48793bef]" started-at="2024-08-06T17:04:00 IST" name="fTest" finished-at="2024-08-06T17:04:08 IST" duration-ms="8591" status="PASS">
          <reporter-output>
          </reporter-output>
        </test-method> <!-- fTest -->
      </class> <!-- pac1.NewTest -->
    </test> <!-- Test -->
  </suite> <!-- Suite -->
</testng-results>
